<?xml version="1.0" encoding="UTF-8"?>
<testng-results skipped="0" failed="0" total="2" passed="2">
  <reporter-output>
    <line>
      <![CDATA[初始化chromedriver成功！]]>
    </line>
    <line>
      <![CDATA[浏览器打开网页：http://192.168.10.202/group/grouponHome.html]]>
    </line>
    <line>
      <![CDATA[浏览器将网页最大化]]>
    </line>
    <line>
      <![CDATA[页面强制等待：2000毫秒]]>
    </line>
    <line>
      <![CDATA[获取网页元素：/html/body/div[1]/div[1]/div/div[2]/div[2]/div[1]]]>
    </line>
    <line>
      <![CDATA[点击页面元素：[[ChromeDriver: chrome on XP (f1a31db2a9be67e0222ab5705acdeac6)] -> xpath: /html/body/div[1]/div[1]/div/div[2]/div[2]/div[1]]]]>
    </line>
    <line>
      <![CDATA[确认脚本运行当前路径与期盼路径一致性]]>
    </line>
    <line>
      <![CDATA[浏览器当前页面url是：http://192.168.10.202/login.html?redirectURL=http%3A%2F%2F192.168.10.202%2Fgroup%2FgrouponHome.html]]>
    </line>
    <line>
      <![CDATA[断言验证：验证页面元素实际值：http://192.168.10.202/login.html?redirectURL=http%3A%2F%2F192.168.10.202%2Fgroup%2FgrouponHome.html与期望值：http://192.168.10.202/login.html?redirectURL=http%3A%2F%2F192.168.10.202%2Fgroup%2FgrouponHome.html相同]]>
    </line>
    <line>
      <![CDATA[获取网页元素：//*[@id="username"]]]>
    </line>
    <line>
      <![CDATA[元素赋值内容：18868196139，元素：[[ChromeDriver: chrome on XP (f1a31db2a9be67e0222ab5705acdeac6)] -> xpath: //*[@id="username"]]]]>
    </line>
    <line>
      <![CDATA[获取网页元素：//*[@id="password"]]]>
    </line>
    <line>
      <![CDATA[元素赋值内容：dj123456，元素：[[ChromeDriver: chrome on XP (f1a31db2a9be67e0222ab5705acdeac6)] -> xpath: //*[@id="password"]]]]>
    </line>
    <line>
      <![CDATA[获取网页元素：//*[@id="login-button"]]]>
    </line>
    <line>
      <![CDATA[点击页面元素：[[ChromeDriver: chrome on XP (f1a31db2a9be67e0222ab5705acdeac6)] -> xpath: //*[@id="login-button"]]]]>
    </line>
    <line>
      <![CDATA[页面强制等待：2000毫秒]]>
    </line>
    <line>
      <![CDATA[获取网页元素：/html/body/div[1]/div[1]/div/div[2]/div[2]/div[2]/div[1]/span[1]]]>
    </line>
    <line>
      <![CDATA[断言验证：验证页面元素实际值：fsss果实企业与期望值：fsss果实企业相同]]>
    </line>
    <line>
      <![CDATA[成功登录团购平台，用户名：18868196139]]>
    </line>
    <line>
      <![CDATA[-------ui test begin-------]]>
    </line>
    <line>
      <![CDATA[团购下单脚本开始]]>
    </line>
    <line>
      <![CDATA[获取网页元素：/html/body/div[1]/div[1]/div/div[2]/div[2]/div[2]/div[1]/span[2]]]>
    </line>
    <line>
      <![CDATA[点击页面元素：[[ChromeDriver: chrome on XP (f1a31db2a9be67e0222ab5705acdeac6)] -> xpath: /html/body/div[1]/div[1]/div/div[2]/div[2]/div[2]/div[1]/span[2]]]]>
    </line>
    <line>
      <![CDATA[确认脚本运行当前路径与期盼路径一致性]]>
    </line>
    <line>
      <![CDATA[浏览器当前页面url是：http://192.168.10.202/personalCenter.html]]>
    </line>
    <line>
      <![CDATA[断言验证：验证页面元素实际值：http://192.168.10.202/personalCenter.html与期望值：http://192.168.10.202/personalCenter.html相同]]>
    </line>
    <line>
      <![CDATA[进入我的中心页面]]>
    </line>
    <line>
      <![CDATA[获取网页元素：/html/body/div[2]/div/div[1]/ul/li[1]/ul/li[1]/a]]>
    </line>
    <line>
      <![CDATA[点击页面元素：[[ChromeDriver: chrome on XP (f1a31db2a9be67e0222ab5705acdeac6)] -> xpath: /html/body/div[2]/div/div[1]/ul/li[1]/ul/li[1]/a]]]>
    </line>
    <line>
      <![CDATA[确认脚本运行当前路径与期盼路径一致性]]>
    </line>
    <line>
      <![CDATA[浏览器当前页面url是：http://192.168.10.202/personalCenter.html#!paperboardOrder]]>
    </line>
    <line>
      <![CDATA[断言验证：验证页面元素实际值：http://192.168.10.202/personalCenter.html#!paperboardOrder与期望值：http://192.168.10.202/personalCenter.html#!paperboardOrder相同]]>
    </line>
    <line>
      <![CDATA[进入纸板团购订单页面]]>
    </line>
    <line>
      <![CDATA[页面强制等待：2000毫秒]]>
    </line>
    <line>
      <![CDATA[进入纸板团购全部订单页面]]>
    </line>
    <line>
      <![CDATA[页面强制等待：2000毫秒]]>
    </line>
    <line>
      <![CDATA[获取网页元素：/html/body/div[2]/div[5]/div[1]/div/div[2]/ul[2]/li[6]/a[2]]]>
    </line>
    <line>
      <![CDATA[点击页面元素：[[ChromeDriver: chrome on XP (f1a31db2a9be67e0222ab5705acdeac6)] -> xpath: /html/body/div[2]/div[5]/div[1]/div/div[2]/ul[2]/li[6]/a[2]]]]>
    </line>
    <line>
      <![CDATA[页面强制等待：2000毫秒]]>
    </line>
    <line>
      <![CDATA[页面强制等待：2000毫秒]]>
    </line>
    <line>
      <![CDATA[进入订单详情页面]]>
    </line>
    <line>
      <![CDATA[获取网页元素：/html/body/div[2]/h2/span]]>
    </line>
    <line>
      <![CDATA[断言验证：验证页面元素实际值：方舒一日游与期望值：方舒一日游相同]]>
    </line>
    <line>
      <![CDATA[进入再下一单界面，产品名称是<方舒一日游>]]>
    </line>
    <line>
      <![CDATA[获取网页元素：/html/body/div[2]/div[4]/a[2]]]>
    </line>
    <line>
      <![CDATA[点击页面元素：[[ChromeDriver: chrome on XP (f1a31db2a9be67e0222ab5705acdeac6)] -> xpath: /html/body/div[2]/div[4]/a[2]]]]>
    </line>
    <line>
      <![CDATA[页面强制等待：3000毫秒]]>
    </line>
    <line>
      <![CDATA[确认脚本运行当前路径与期盼路径是否为包含关系]]>
    </line>
    <line>
      <![CDATA[浏览器当前页面url是：http://192.168.10.202/group/submitOrder.html?type=edit&infokeyarea=3301]]>
    </line>
    <line>
      <![CDATA[断言验证：验证页面元素实际值：http://192.168.10.202/group/submitOrder.html?type=edit&infokeyarea=3301是否包含期望值：http://192.168.10.202/group/submitOrder.html?type=edit]]>
    </line>
    <line>
      <![CDATA[进入确认订单信息页面]]>
    </line>
    <line>
      <![CDATA[获取网页元素：//*[@id="submidOrder"]]]>
    </line>
    <line>
      <![CDATA[点击页面元素：[[ChromeDriver: chrome on XP (f1a31db2a9be67e0222ab5705acdeac6)] -> xpath: //*[@id="submidOrder"]]]]>
    </line>
    <line>
      <![CDATA[页面强制等待：5000毫秒]]>
    </line>
    <line>
      <![CDATA[获取网页元素：//*[@id="pay"]/div[1]/div[1]/p]]>
    </line>
    <line>
      <![CDATA[断言验证：验证页面元素实际值：支付订单与期望值：支付订单相同]]>
    </line>
    <line>
      <![CDATA[进入订单支付页面]]>
    </line>
    <line>
      <![CDATA[获取网页元素：//*[@id="paymentBtn"]]]>
    </line>
    <line>
      <![CDATA[点击页面元素：[[ChromeDriver: chrome on XP (f1a31db2a9be67e0222ab5705acdeac6)] -> xpath: //*[@id="paymentBtn"]]]]>
    </line>
    <line>
      <![CDATA[打开支付界面]]>
    </line>
    <line>
      <![CDATA[获取网页元素：//*[@id="orderId"]]]>
    </line>
    <line>
      <![CDATA[断言验证：验证页面元素实际值：6与期望值：0相同]]>
    </line>
    <line>
      <![CDATA[获取网页元素：//*[@id="paymentPassword"]/div[1]/div[1]/input]]>
    </line>
    <line>
      <![CDATA[获取网页元素：//*[@id="paymentPassword"]/div[1]/div[2]/input]]>
    </line>
    <line>
      <![CDATA[获取网页元素：//*[@id="paymentPassword"]/div[1]/div[3]/input]]>
    </line>
    <line>
      <![CDATA[获取网页元素：//*[@id="paymentPassword"]/div[1]/div[4]/input]]>
    </line>
    <line>
      <![CDATA[获取网页元素：//*[@id="paymentPassword"]/div[1]/div[5]/input]]>
    </line>
    <line>
      <![CDATA[获取网页元素：//*[@id="paymentPassword"]/div[1]/div[6]/input]]>
    </line>
    <line>
      <![CDATA[元素赋值内容：1，元素：[[ChromeDriver: chrome on XP (f1a31db2a9be67e0222ab5705acdeac6)] -> xpath: //*[@id="paymentPassword"]/div[1]/div[1]/input]]]>
    </line>
    <line>
      <![CDATA[元素赋值内容：2，元素：[[ChromeDriver: chrome on XP (f1a31db2a9be67e0222ab5705acdeac6)] -> xpath: //*[@id="paymentPassword"]/div[1]/div[2]/input]]]>
    </line>
    <line>
      <![CDATA[元素赋值内容：1，元素：[[ChromeDriver: chrome on XP (f1a31db2a9be67e0222ab5705acdeac6)] -> xpath: //*[@id="paymentPassword"]/div[1]/div[3]/input]]]>
    </line>
    <line>
      <![CDATA[元素赋值内容：2，元素：[[ChromeDriver: chrome on XP (f1a31db2a9be67e0222ab5705acdeac6)] -> xpath: //*[@id="paymentPassword"]/div[1]/div[4]/input]]]>
    </line>
    <line>
      <![CDATA[元素赋值内容：1，元素：[[ChromeDriver: chrome on XP (f1a31db2a9be67e0222ab5705acdeac6)] -> xpath: //*[@id="paymentPassword"]/div[1]/div[5]/input]]]>
    </line>
    <line>
      <![CDATA[元素赋值内容：2，元素：[[ChromeDriver: chrome on XP (f1a31db2a9be67e0222ab5705acdeac6)] -> xpath: //*[@id="paymentPassword"]/div[1]/div[6]/input]]]>
    </line>
    <line>
      <![CDATA[支付密码填写成功]]>
    </line>
    <line>
      <![CDATA[获取网页元素：//*[@id="paymentPassword"]/div[3]/button[2]]]>
    </line>
    <line>
      <![CDATA[点击页面元素：[[ChromeDriver: chrome on XP (f1a31db2a9be67e0222ab5705acdeac6)] -> xpath: //*[@id="paymentPassword"]/div[3]/button[2]]]]>
    </line>
    <line>
      <![CDATA[回到团购订单页面]]>
    </line>
    <line>
      <![CDATA[页面强制等待：3000毫秒]]>
    </line>
    <line>
      <![CDATA[获取网页元素：/html/body/div[2]/div[5]/div[1]/div/div[1]/p[1]/span[2]]]>
    </line>
    <line>
      <![CDATA[断言验证：验证页面元素实际值：订单号：MGRN201809061077154388与期望值：订单号：MGRN201809061077154388相同]]>
    </line>
    <line>
      <![CDATA[团购下单成功]]>
    </line>
    <line>
      <![CDATA[-------ui test end-------]]>
    </line>
    <line>
      <![CDATA[-------ui test begin-------]]>
    </line>
    <line>
      <![CDATA[团购下单脚本开始]]>
    </line>
    <line>
      <![CDATA[获取网页元素：/html/body/div[1]/div[1]/div/div[2]/div[2]/div[2]/div[1]/span[2]]]>
    </line>
    <line>
      <![CDATA[点击页面元素：[[ChromeDriver: chrome on XP (f1a31db2a9be67e0222ab5705acdeac6)] -> xpath: /html/body/div[1]/div[1]/div/div[2]/div[2]/div[2]/div[1]/span[2]]]]>
    </line>
    <line>
      <![CDATA[确认脚本运行当前路径与期盼路径一致性]]>
    </line>
    <line>
      <![CDATA[浏览器当前页面url是：http://192.168.10.202/personalCenter.html]]>
    </line>
    <line>
      <![CDATA[断言验证：验证页面元素实际值：http://192.168.10.202/personalCenter.html与期望值：http://192.168.10.202/personalCenter.html相同]]>
    </line>
    <line>
      <![CDATA[进入我的中心页面]]>
    </line>
    <line>
      <![CDATA[获取网页元素：/html/body/div[2]/div/div[1]/ul/li[1]/ul/li[1]/a]]>
    </line>
    <line>
      <![CDATA[点击页面元素：[[ChromeDriver: chrome on XP (f1a31db2a9be67e0222ab5705acdeac6)] -> xpath: /html/body/div[2]/div/div[1]/ul/li[1]/ul/li[1]/a]]]>
    </line>
    <line>
      <![CDATA[确认脚本运行当前路径与期盼路径一致性]]>
    </line>
    <line>
      <![CDATA[浏览器当前页面url是：http://192.168.10.202/personalCenter.html#!paperboardOrder]]>
    </line>
    <line>
      <![CDATA[断言验证：验证页面元素实际值：http://192.168.10.202/personalCenter.html#!paperboardOrder与期望值：http://192.168.10.202/personalCenter.html#!paperboardOrder相同]]>
    </line>
    <line>
      <![CDATA[进入纸板团购订单页面]]>
    </line>
    <line>
      <![CDATA[页面强制等待：2000毫秒]]>
    </line>
    <line>
      <![CDATA[进入纸板团购全部订单页面]]>
    </line>
    <line>
      <![CDATA[页面强制等待：2000毫秒]]>
    </line>
    <line>
      <![CDATA[获取网页元素：/html/body/div[2]/div[5]/div[1]/div/div[2]/ul[2]/li[6]/a[2]]]>
    </line>
    <line>
      <![CDATA[点击页面元素：[[ChromeDriver: chrome on XP (f1a31db2a9be67e0222ab5705acdeac6)] -> xpath: /html/body/div[2]/div[5]/div[1]/div/div[2]/ul[2]/li[6]/a[2]]]]>
    </line>
    <line>
      <![CDATA[页面强制等待：2000毫秒]]>
    </line>
    <line>
      <![CDATA[页面强制等待：2000毫秒]]>
    </line>
    <line>
      <![CDATA[进入订单详情页面]]>
    </line>
    <line>
      <![CDATA[获取网页元素：/html/body/div[2]/h2/span]]>
    </line>
    <line>
      <![CDATA[断言验证：验证页面元素实际值：方舒一日游与期望值：方舒一日游相同]]>
    </line>
    <line>
      <![CDATA[进入再下一单界面，产品名称是<方舒一日游>]]>
    </line>
    <line>
      <![CDATA[获取网页元素：/html/body/div[2]/div[4]/a[2]]]>
    </line>
    <line>
      <![CDATA[点击页面元素：[[ChromeDriver: chrome on XP (f1a31db2a9be67e0222ab5705acdeac6)] -> xpath: /html/body/div[2]/div[4]/a[2]]]]>
    </line>
    <line>
      <![CDATA[页面强制等待：3000毫秒]]>
    </line>
    <line>
      <![CDATA[确认脚本运行当前路径与期盼路径是否为包含关系]]>
    </line>
    <line>
      <![CDATA[浏览器当前页面url是：http://192.168.10.202/group/submitOrder.html?type=edit&infokeyarea=3301]]>
    </line>
    <line>
      <![CDATA[断言验证：验证页面元素实际值：http://192.168.10.202/group/submitOrder.html?type=edit&infokeyarea=3301是否包含期望值：http://192.168.10.202/group/submitOrder.html?type=edit]]>
    </line>
    <line>
      <![CDATA[进入确认订单信息页面]]>
    </line>
    <line>
      <![CDATA[获取网页元素：//*[@id="submidOrder"]]]>
    </line>
    <line>
      <![CDATA[点击页面元素：[[ChromeDriver: chrome on XP (f1a31db2a9be67e0222ab5705acdeac6)] -> xpath: //*[@id="submidOrder"]]]]>
    </line>
    <line>
      <![CDATA[页面强制等待：5000毫秒]]>
    </line>
    <line>
      <![CDATA[获取网页元素：//*[@id="pay"]/div[1]/div[1]/p]]>
    </line>
    <line>
      <![CDATA[断言验证：验证页面元素实际值：支付订单与期望值：支付订单相同]]>
    </line>
    <line>
      <![CDATA[进入订单支付页面]]>
    </line>
    <line>
      <![CDATA[获取网页元素：//*[@id="paymentBtn"]]]>
    </line>
    <line>
      <![CDATA[点击页面元素：[[ChromeDriver: chrome on XP (f1a31db2a9be67e0222ab5705acdeac6)] -> xpath: //*[@id="paymentBtn"]]]]>
    </line>
    <line>
      <![CDATA[打开支付界面]]>
    </line>
    <line>
      <![CDATA[获取网页元素：//*[@id="orderId"]]]>
    </line>
    <line>
      <![CDATA[断言验证：验证页面元素实际值：6与期望值：0相同]]>
    </line>
    <line>
      <![CDATA[获取网页元素：//*[@id="paymentPassword"]/div[1]/div[1]/input]]>
    </line>
    <line>
      <![CDATA[获取网页元素：//*[@id="paymentPassword"]/div[1]/div[2]/input]]>
    </line>
    <line>
      <![CDATA[获取网页元素：//*[@id="paymentPassword"]/div[1]/div[3]/input]]>
    </line>
    <line>
      <![CDATA[获取网页元素：//*[@id="paymentPassword"]/div[1]/div[4]/input]]>
    </line>
    <line>
      <![CDATA[获取网页元素：//*[@id="paymentPassword"]/div[1]/div[5]/input]]>
    </line>
    <line>
      <![CDATA[获取网页元素：//*[@id="paymentPassword"]/div[1]/div[6]/input]]>
    </line>
    <line>
      <![CDATA[元素赋值内容：1，元素：[[ChromeDriver: chrome on XP (f1a31db2a9be67e0222ab5705acdeac6)] -> xpath: //*[@id="paymentPassword"]/div[1]/div[1]/input]]]>
    </line>
    <line>
      <![CDATA[元素赋值内容：2，元素：[[ChromeDriver: chrome on XP (f1a31db2a9be67e0222ab5705acdeac6)] -> xpath: //*[@id="paymentPassword"]/div[1]/div[2]/input]]]>
    </line>
    <line>
      <![CDATA[元素赋值内容：1，元素：[[ChromeDriver: chrome on XP (f1a31db2a9be67e0222ab5705acdeac6)] -> xpath: //*[@id="paymentPassword"]/div[1]/div[3]/input]]]>
    </line>
    <line>
      <![CDATA[元素赋值内容：2，元素：[[ChromeDriver: chrome on XP (f1a31db2a9be67e0222ab5705acdeac6)] -> xpath: //*[@id="paymentPassword"]/div[1]/div[4]/input]]]>
    </line>
    <line>
      <![CDATA[元素赋值内容：1，元素：[[ChromeDriver: chrome on XP (f1a31db2a9be67e0222ab5705acdeac6)] -> xpath: //*[@id="paymentPassword"]/div[1]/div[5]/input]]]>
    </line>
    <line>
      <![CDATA[元素赋值内容：2，元素：[[ChromeDriver: chrome on XP (f1a31db2a9be67e0222ab5705acdeac6)] -> xpath: //*[@id="paymentPassword"]/div[1]/div[6]/input]]]>
    </line>
    <line>
      <![CDATA[支付密码填写成功]]>
    </line>
    <line>
      <![CDATA[获取网页元素：//*[@id="paymentPassword"]/div[3]/button[2]]]>
    </line>
    <line>
      <![CDATA[点击页面元素：[[ChromeDriver: chrome on XP (f1a31db2a9be67e0222ab5705acdeac6)] -> xpath: //*[@id="paymentPassword"]/div[3]/button[2]]]]>
    </line>
    <line>
      <![CDATA[回到团购订单页面]]>
    </line>
    <line>
      <![CDATA[页面强制等待：3000毫秒]]>
    </line>
    <line>
      <![CDATA[获取网页元素：/html/body/div[2]/div[5]/div[1]/div/div[1]/p[1]/span[2]]]>
    </line>
    <line>
      <![CDATA[断言验证：验证页面元素实际值：订单号：MGRN201809061077719618与期望值：订单号：MGRN201809061077719618相同]]>
    </line>
    <line>
      <![CDATA[团购下单成功]]>
    </line>
    <line>
      <![CDATA[-------ui test end-------]]>
    </line>
    <line>
      <![CDATA[退出浏览器，退出驱动]]>
    </line>
  </reporter-output>
  <suite name="Default suite" duration-ms="56019" started-at="2018-09-06T03:28:40Z" finished-at="2018-09-06T03:29:36Z">
    <groups>
    </groups>
    <test name="Default test" duration-ms="56019" started-at="2018-09-06T03:28:40Z" finished-at="2018-09-06T03:29:36Z">
      <class name="test.TGTest">
        <test-method status="PASS" signature="init()[pri:0, instance:test.TGTest@2b91004a]" name="init" is-config="true" duration-ms="9373" started-at="2018-09-06T11:28:40Z" finished-at="2018-09-06T11:28:50Z">
          <reporter-output>
            <line>
              <![CDATA[浏览器打开网页：http://192.168.10.202/group/grouponHome.html]]>
            </line>
            <line>
              <![CDATA[浏览器将网页最大化]]>
            </line>
            <line>
              <![CDATA[页面强制等待：2000毫秒]]>
            </line>
            <line>
              <![CDATA[获取网页元素：/html/body/div[1]/div[1]/div/div[2]/div[2]/div[1]]]>
            </line>
            <line>
              <![CDATA[点击页面元素：[[ChromeDriver: chrome on XP (f1a31db2a9be67e0222ab5705acdeac6)] -> xpath: /html/body/div[1]/div[1]/div/div[2]/div[2]/div[1]]]]>
            </line>
            <line>
              <![CDATA[确认脚本运行当前路径与期盼路径一致性]]>
            </line>
            <line>
              <![CDATA[浏览器当前页面url是：http://192.168.10.202/login.html?redirectURL=http%3A%2F%2F192.168.10.202%2Fgroup%2FgrouponHome.html]]>
            </line>
            <line>
              <![CDATA[断言验证：验证页面元素实际值：http://192.168.10.202/login.html?redirectURL=http%3A%2F%2F192.168.10.202%2Fgroup%2FgrouponHome.html与期望值：http://192.168.10.202/login.html?redirectURL=http%3A%2F%2F192.168.10.202%2Fgroup%2FgrouponHome.html相同]]>
            </line>
            <line>
              <![CDATA[获取网页元素：//*[@id="username"]]]>
            </line>
            <line>
              <![CDATA[元素赋值内容：18868196139，元素：[[ChromeDriver: chrome on XP (f1a31db2a9be67e0222ab5705acdeac6)] -> xpath: //*[@id="username"]]]]>
            </line>
            <line>
              <![CDATA[获取网页元素：//*[@id="password"]]]>
            </line>
            <line>
              <![CDATA[元素赋值内容：dj123456，元素：[[ChromeDriver: chrome on XP (f1a31db2a9be67e0222ab5705acdeac6)] -> xpath: //*[@id="password"]]]]>
            </line>
            <line>
              <![CDATA[获取网页元素：//*[@id="login-button"]]]>
            </line>
            <line>
              <![CDATA[点击页面元素：[[ChromeDriver: chrome on XP (f1a31db2a9be67e0222ab5705acdeac6)] -> xpath: //*[@id="login-button"]]]]>
            </line>
            <line>
              <![CDATA[页面强制等待：2000毫秒]]>
            </line>
            <line>
              <![CDATA[获取网页元素：/html/body/div[1]/div[1]/div/div[2]/div[2]/div[2]/div[1]/span[1]]]>
            </line>
            <line>
              <![CDATA[断言验证：验证页面元素实际值：fsss果实企业与期望值：fsss果实企业相同]]>
            </line>
            <line>
              <![CDATA[成功登录团购平台，用户名：18868196139]]>
            </line>
          </reporter-output>
        </test-method> <!-- init -->
        <test-method status="PASS" signature="tuangou_xiadan()[pri:0, instance:test.TGTest@2b91004a]" name="tuangou_xiadan" duration-ms="23021" started-at="2018-09-06T11:28:50Z" description="团购下单" finished-at="2018-09-06T11:29:13Z">
          <reporter-output>
            <line>
              <![CDATA[-------ui test begin-------]]>
            </line>
            <line>
              <![CDATA[团购下单脚本开始]]>
            </line>
            <line>
              <![CDATA[获取网页元素：/html/body/div[1]/div[1]/div/div[2]/div[2]/div[2]/div[1]/span[2]]]>
            </line>
            <line>
              <![CDATA[点击页面元素：[[ChromeDriver: chrome on XP (f1a31db2a9be67e0222ab5705acdeac6)] -> xpath: /html/body/div[1]/div[1]/div/div[2]/div[2]/div[2]/div[1]/span[2]]]]>
            </line>
            <line>
              <![CDATA[确认脚本运行当前路径与期盼路径一致性]]>
            </line>
            <line>
              <![CDATA[浏览器当前页面url是：http://192.168.10.202/personalCenter.html]]>
            </line>
            <line>
              <![CDATA[断言验证：验证页面元素实际值：http://192.168.10.202/personalCenter.html与期望值：http://192.168.10.202/personalCenter.html相同]]>
            </line>
            <line>
              <![CDATA[进入我的中心页面]]>
            </line>
            <line>
              <![CDATA[获取网页元素：/html/body/div[2]/div/div[1]/ul/li[1]/ul/li[1]/a]]>
            </line>
            <line>
              <![CDATA[点击页面元素：[[ChromeDriver: chrome on XP (f1a31db2a9be67e0222ab5705acdeac6)] -> xpath: /html/body/div[2]/div/div[1]/ul/li[1]/ul/li[1]/a]]]>
            </line>
            <line>
              <![CDATA[确认脚本运行当前路径与期盼路径一致性]]>
            </line>
            <line>
              <![CDATA[浏览器当前页面url是：http://192.168.10.202/personalCenter.html#!paperboardOrder]]>
            </line>
            <line>
              <![CDATA[断言验证：验证页面元素实际值：http://192.168.10.202/personalCenter.html#!paperboardOrder与期望值：http://192.168.10.202/personalCenter.html#!paperboardOrder相同]]>
            </line>
            <line>
              <![CDATA[进入纸板团购订单页面]]>
            </line>
            <line>
              <![CDATA[页面强制等待：2000毫秒]]>
            </line>
            <line>
              <![CDATA[进入纸板团购全部订单页面]]>
            </line>
            <line>
              <![CDATA[页面强制等待：2000毫秒]]>
            </line>
            <line>
              <![CDATA[获取网页元素：/html/body/div[2]/div[5]/div[1]/div/div[2]/ul[2]/li[6]/a[2]]]>
            </line>
            <line>
              <![CDATA[点击页面元素：[[ChromeDriver: chrome on XP (f1a31db2a9be67e0222ab5705acdeac6)] -> xpath: /html/body/div[2]/div[5]/div[1]/div/div[2]/ul[2]/li[6]/a[2]]]]>
            </line>
            <line>
              <![CDATA[页面强制等待：2000毫秒]]>
            </line>
            <line>
              <![CDATA[页面强制等待：2000毫秒]]>
            </line>
            <line>
              <![CDATA[进入订单详情页面]]>
            </line>
            <line>
              <![CDATA[获取网页元素：/html/body/div[2]/h2/span]]>
            </line>
            <line>
              <![CDATA[断言验证：验证页面元素实际值：方舒一日游与期望值：方舒一日游相同]]>
            </line>
            <line>
              <![CDATA[进入再下一单界面，产品名称是<方舒一日游>]]>
            </line>
            <line>
              <![CDATA[获取网页元素：/html/body/div[2]/div[4]/a[2]]]>
            </line>
            <line>
              <![CDATA[点击页面元素：[[ChromeDriver: chrome on XP (f1a31db2a9be67e0222ab5705acdeac6)] -> xpath: /html/body/div[2]/div[4]/a[2]]]]>
            </line>
            <line>
              <![CDATA[页面强制等待：3000毫秒]]>
            </line>
            <line>
              <![CDATA[确认脚本运行当前路径与期盼路径是否为包含关系]]>
            </line>
            <line>
              <![CDATA[浏览器当前页面url是：http://192.168.10.202/group/submitOrder.html?type=edit&infokeyarea=3301]]>
            </line>
            <line>
              <![CDATA[断言验证：验证页面元素实际值：http://192.168.10.202/group/submitOrder.html?type=edit&infokeyarea=3301是否包含期望值：http://192.168.10.202/group/submitOrder.html?type=edit]]>
            </line>
            <line>
              <![CDATA[进入确认订单信息页面]]>
            </line>
            <line>
              <![CDATA[获取网页元素：//*[@id="submidOrder"]]]>
            </line>
            <line>
              <![CDATA[点击页面元素：[[ChromeDriver: chrome on XP (f1a31db2a9be67e0222ab5705acdeac6)] -> xpath: //*[@id="submidOrder"]]]]>
            </line>
            <line>
              <![CDATA[页面强制等待：5000毫秒]]>
            </line>
            <line>
              <![CDATA[获取网页元素：//*[@id="pay"]/div[1]/div[1]/p]]>
            </line>
            <line>
              <![CDATA[断言验证：验证页面元素实际值：支付订单与期望值：支付订单相同]]>
            </line>
            <line>
              <![CDATA[进入订单支付页面]]>
            </line>
            <line>
              <![CDATA[获取网页元素：//*[@id="paymentBtn"]]]>
            </line>
            <line>
              <![CDATA[点击页面元素：[[ChromeDriver: chrome on XP (f1a31db2a9be67e0222ab5705acdeac6)] -> xpath: //*[@id="paymentBtn"]]]]>
            </line>
            <line>
              <![CDATA[打开支付界面]]>
            </line>
            <line>
              <![CDATA[获取网页元素：//*[@id="orderId"]]]>
            </line>
            <line>
              <![CDATA[断言验证：验证页面元素实际值：6与期望值：0相同]]>
            </line>
            <line>
              <![CDATA[获取网页元素：//*[@id="paymentPassword"]/div[1]/div[1]/input]]>
            </line>
            <line>
              <![CDATA[获取网页元素：//*[@id="paymentPassword"]/div[1]/div[2]/input]]>
            </line>
            <line>
              <![CDATA[获取网页元素：//*[@id="paymentPassword"]/div[1]/div[3]/input]]>
            </line>
            <line>
              <![CDATA[获取网页元素：//*[@id="paymentPassword"]/div[1]/div[4]/input]]>
            </line>
            <line>
              <![CDATA[获取网页元素：//*[@id="paymentPassword"]/div[1]/div[5]/input]]>
            </line>
            <line>
              <![CDATA[获取网页元素：//*[@id="paymentPassword"]/div[1]/div[6]/input]]>
            </line>
            <line>
              <![CDATA[元素赋值内容：1，元素：[[ChromeDriver: chrome on XP (f1a31db2a9be67e0222ab5705acdeac6)] -> xpath: //*[@id="paymentPassword"]/div[1]/div[1]/input]]]>
            </line>
            <line>
              <![CDATA[元素赋值内容：2，元素：[[ChromeDriver: chrome on XP (f1a31db2a9be67e0222ab5705acdeac6)] -> xpath: //*[@id="paymentPassword"]/div[1]/div[2]/input]]]>
            </line>
            <line>
              <![CDATA[元素赋值内容：1，元素：[[ChromeDriver: chrome on XP (f1a31db2a9be67e0222ab5705acdeac6)] -> xpath: //*[@id="paymentPassword"]/div[1]/div[3]/input]]]>
            </line>
            <line>
              <![CDATA[元素赋值内容：2，元素：[[ChromeDriver: chrome on XP (f1a31db2a9be67e0222ab5705acdeac6)] -> xpath: //*[@id="paymentPassword"]/div[1]/div[4]/input]]]>
            </line>
            <line>
              <![CDATA[元素赋值内容：1，元素：[[ChromeDriver: chrome on XP (f1a31db2a9be67e0222ab5705acdeac6)] -> xpath: //*[@id="paymentPassword"]/div[1]/div[5]/input]]]>
            </line>
            <line>
              <![CDATA[元素赋值内容：2，元素：[[ChromeDriver: chrome on XP (f1a31db2a9be67e0222ab5705acdeac6)] -> xpath: //*[@id="paymentPassword"]/div[1]/div[6]/input]]]>
            </line>
            <line>
              <![CDATA[支付密码填写成功]]>
            </line>
            <line>
              <![CDATA[获取网页元素：//*[@id="paymentPassword"]/div[3]/button[2]]]>
            </line>
            <line>
              <![CDATA[点击页面元素：[[ChromeDriver: chrome on XP (f1a31db2a9be67e0222ab5705acdeac6)] -> xpath: //*[@id="paymentPassword"]/div[3]/button[2]]]]>
            </line>
            <line>
              <![CDATA[回到团购订单页面]]>
            </line>
            <line>
              <![CDATA[页面强制等待：3000毫秒]]>
            </line>
            <line>
              <![CDATA[获取网页元素：/html/body/div[2]/div[5]/div[1]/div/div[1]/p[1]/span[2]]]>
            </line>
            <line>
              <![CDATA[断言验证：验证页面元素实际值：订单号：MGRN201809061077154388与期望值：订单号：MGRN201809061077154388相同]]>
            </line>
            <line>
              <![CDATA[团购下单成功]]>
            </line>
            <line>
              <![CDATA[-------ui test end-------]]>
            </line>
          </reporter-output>
        </test-method> <!-- tuangou_xiadan -->
        <test-method status="PASS" signature="tuangou_xiadan()[pri:0, instance:test.TGTest@2b91004a]" name="tuangou_xiadan" duration-ms="22483" started-at="2018-09-06T11:29:13Z" description="团购下单" finished-at="2018-09-06T11:29:35Z">
          <reporter-output>
            <line>
              <![CDATA[-------ui test begin-------]]>
            </line>
            <line>
              <![CDATA[团购下单脚本开始]]>
            </line>
            <line>
              <![CDATA[获取网页元素：/html/body/div[1]/div[1]/div/div[2]/div[2]/div[2]/div[1]/span[2]]]>
            </line>
            <line>
              <![CDATA[点击页面元素：[[ChromeDriver: chrome on XP (f1a31db2a9be67e0222ab5705acdeac6)] -> xpath: /html/body/div[1]/div[1]/div/div[2]/div[2]/div[2]/div[1]/span[2]]]]>
            </line>
            <line>
              <![CDATA[确认脚本运行当前路径与期盼路径一致性]]>
            </line>
            <line>
              <![CDATA[浏览器当前页面url是：http://192.168.10.202/personalCenter.html]]>
            </line>
            <line>
              <![CDATA[断言验证：验证页面元素实际值：http://192.168.10.202/personalCenter.html与期望值：http://192.168.10.202/personalCenter.html相同]]>
            </line>
            <line>
              <![CDATA[进入我的中心页面]]>
            </line>
            <line>
              <![CDATA[获取网页元素：/html/body/div[2]/div/div[1]/ul/li[1]/ul/li[1]/a]]>
            </line>
            <line>
              <![CDATA[点击页面元素：[[ChromeDriver: chrome on XP (f1a31db2a9be67e0222ab5705acdeac6)] -> xpath: /html/body/div[2]/div/div[1]/ul/li[1]/ul/li[1]/a]]]>
            </line>
            <line>
              <![CDATA[确认脚本运行当前路径与期盼路径一致性]]>
            </line>
            <line>
              <![CDATA[浏览器当前页面url是：http://192.168.10.202/personalCenter.html#!paperboardOrder]]>
            </line>
            <line>
              <![CDATA[断言验证：验证页面元素实际值：http://192.168.10.202/personalCenter.html#!paperboardOrder与期望值：http://192.168.10.202/personalCenter.html#!paperboardOrder相同]]>
            </line>
            <line>
              <![CDATA[进入纸板团购订单页面]]>
            </line>
            <line>
              <![CDATA[页面强制等待：2000毫秒]]>
            </line>
            <line>
              <![CDATA[进入纸板团购全部订单页面]]>
            </line>
            <line>
              <![CDATA[页面强制等待：2000毫秒]]>
            </line>
            <line>
              <![CDATA[获取网页元素：/html/body/div[2]/div[5]/div[1]/div/div[2]/ul[2]/li[6]/a[2]]]>
            </line>
            <line>
              <![CDATA[点击页面元素：[[ChromeDriver: chrome on XP (f1a31db2a9be67e0222ab5705acdeac6)] -> xpath: /html/body/div[2]/div[5]/div[1]/div/div[2]/ul[2]/li[6]/a[2]]]]>
            </line>
            <line>
              <![CDATA[页面强制等待：2000毫秒]]>
            </line>
            <line>
              <![CDATA[页面强制等待：2000毫秒]]>
            </line>
            <line>
              <![CDATA[进入订单详情页面]]>
            </line>
            <line>
              <![CDATA[获取网页元素：/html/body/div[2]/h2/span]]>
            </line>
            <line>
              <![CDATA[断言验证：验证页面元素实际值：方舒一日游与期望值：方舒一日游相同]]>
            </line>
            <line>
              <![CDATA[进入再下一单界面，产品名称是<方舒一日游>]]>
            </line>
            <line>
              <![CDATA[获取网页元素：/html/body/div[2]/div[4]/a[2]]]>
            </line>
            <line>
              <![CDATA[点击页面元素：[[ChromeDriver: chrome on XP (f1a31db2a9be67e0222ab5705acdeac6)] -> xpath: /html/body/div[2]/div[4]/a[2]]]]>
            </line>
            <line>
              <![CDATA[页面强制等待：3000毫秒]]>
            </line>
            <line>
              <![CDATA[确认脚本运行当前路径与期盼路径是否为包含关系]]>
            </line>
            <line>
              <![CDATA[浏览器当前页面url是：http://192.168.10.202/group/submitOrder.html?type=edit&infokeyarea=3301]]>
            </line>
            <line>
              <![CDATA[断言验证：验证页面元素实际值：http://192.168.10.202/group/submitOrder.html?type=edit&infokeyarea=3301是否包含期望值：http://192.168.10.202/group/submitOrder.html?type=edit]]>
            </line>
            <line>
              <![CDATA[进入确认订单信息页面]]>
            </line>
            <line>
              <![CDATA[获取网页元素：//*[@id="submidOrder"]]]>
            </line>
            <line>
              <![CDATA[点击页面元素：[[ChromeDriver: chrome on XP (f1a31db2a9be67e0222ab5705acdeac6)] -> xpath: //*[@id="submidOrder"]]]]>
            </line>
            <line>
              <![CDATA[页面强制等待：5000毫秒]]>
            </line>
            <line>
              <![CDATA[获取网页元素：//*[@id="pay"]/div[1]/div[1]/p]]>
            </line>
            <line>
              <![CDATA[断言验证：验证页面元素实际值：支付订单与期望值：支付订单相同]]>
            </line>
            <line>
              <![CDATA[进入订单支付页面]]>
            </line>
            <line>
              <![CDATA[获取网页元素：//*[@id="paymentBtn"]]]>
            </line>
            <line>
              <![CDATA[点击页面元素：[[ChromeDriver: chrome on XP (f1a31db2a9be67e0222ab5705acdeac6)] -> xpath: //*[@id="paymentBtn"]]]]>
            </line>
            <line>
              <![CDATA[打开支付界面]]>
            </line>
            <line>
              <![CDATA[获取网页元素：//*[@id="orderId"]]]>
            </line>
            <line>
              <![CDATA[断言验证：验证页面元素实际值：6与期望值：0相同]]>
            </line>
            <line>
              <![CDATA[获取网页元素：//*[@id="paymentPassword"]/div[1]/div[1]/input]]>
            </line>
            <line>
              <![CDATA[获取网页元素：//*[@id="paymentPassword"]/div[1]/div[2]/input]]>
            </line>
            <line>
              <![CDATA[获取网页元素：//*[@id="paymentPassword"]/div[1]/div[3]/input]]>
            </line>
            <line>
              <![CDATA[获取网页元素：//*[@id="paymentPassword"]/div[1]/div[4]/input]]>
            </line>
            <line>
              <![CDATA[获取网页元素：//*[@id="paymentPassword"]/div[1]/div[5]/input]]>
            </line>
            <line>
              <![CDATA[获取网页元素：//*[@id="paymentPassword"]/div[1]/div[6]/input]]>
            </line>
            <line>
              <![CDATA[元素赋值内容：1，元素：[[ChromeDriver: chrome on XP (f1a31db2a9be67e0222ab5705acdeac6)] -> xpath: //*[@id="paymentPassword"]/div[1]/div[1]/input]]]>
            </line>
            <line>
              <![CDATA[元素赋值内容：2，元素：[[ChromeDriver: chrome on XP (f1a31db2a9be67e0222ab5705acdeac6)] -> xpath: //*[@id="paymentPassword"]/div[1]/div[2]/input]]]>
            </line>
            <line>
              <![CDATA[元素赋值内容：1，元素：[[ChromeDriver: chrome on XP (f1a31db2a9be67e0222ab5705acdeac6)] -> xpath: //*[@id="paymentPassword"]/div[1]/div[3]/input]]]>
            </line>
            <line>
              <![CDATA[元素赋值内容：2，元素：[[ChromeDriver: chrome on XP (f1a31db2a9be67e0222ab5705acdeac6)] -> xpath: //*[@id="paymentPassword"]/div[1]/div[4]/input]]]>
            </line>
            <line>
              <![CDATA[元素赋值内容：1，元素：[[ChromeDriver: chrome on XP (f1a31db2a9be67e0222ab5705acdeac6)] -> xpath: //*[@id="paymentPassword"]/div[1]/div[5]/input]]]>
            </line>
            <line>
              <![CDATA[元素赋值内容：2，元素：[[ChromeDriver: chrome on XP (f1a31db2a9be67e0222ab5705acdeac6)] -> xpath: //*[@id="paymentPassword"]/div[1]/div[6]/input]]]>
            </line>
            <line>
              <![CDATA[支付密码填写成功]]>
            </line>
            <line>
              <![CDATA[获取网页元素：//*[@id="paymentPassword"]/div[3]/button[2]]]>
            </line>
            <line>
              <![CDATA[点击页面元素：[[ChromeDriver: chrome on XP (f1a31db2a9be67e0222ab5705acdeac6)] -> xpath: //*[@id="paymentPassword"]/div[3]/button[2]]]]>
            </line>
            <line>
              <![CDATA[回到团购订单页面]]>
            </line>
            <line>
              <![CDATA[页面强制等待：3000毫秒]]>
            </line>
            <line>
              <![CDATA[获取网页元素：/html/body/div[2]/div[5]/div[1]/div/div[1]/p[1]/span[2]]]>
            </line>
            <line>
              <![CDATA[断言验证：验证页面元素实际值：订单号：MGRN201809061077719618与期望值：订单号：MGRN201809061077719618相同]]>
            </line>
            <line>
              <![CDATA[团购下单成功]]>
            </line>
            <line>
              <![CDATA[-------ui test end-------]]>
            </line>
          </reporter-output>
        </test-method> <!-- tuangou_xiadan -->
        <test-method status="PASS" signature="destory()[pri:0, instance:test.TGTest@2b91004a]" name="destory" is-config="true" duration-ms="1120" started-at="2018-09-06T11:29:35Z" finished-at="2018-09-06T11:29:36Z">
          <reporter-output>
            <line>
              <![CDATA[退出浏览器，退出驱动]]>
            </line>
          </reporter-output>
        </test-method> <!-- destory -->
      </class> <!-- test.TGTest -->
    </test> <!-- Default test -->
  </suite> <!-- Default suite -->
</testng-results>
